ActionMode/ManualNative/build/outputs/logs/manifest-merger-debug-report.txt
-- Merging decision tree log ---
manifest
ADDED from ActionMode/ManualNative/AndroidManifest.xml:2:1-28:12
	package
		ADDED from ActionMode/ManualNative/AndroidManifest.xml:3:2-46
	android:versionName
		ADDED from ActionMode/ManualNative/AndroidManifest.xml:5:2-27
		INJECTED from ActionMode/ManualNative/AndroidManifest.xml
		INJECTED from ActionMode/ManualNative/AndroidManifest.xml
	android:versionCode
		ADDED from ActionMode/ManualNative/AndroidManifest.xml:4:2-25
		INJECTED from ActionMode/ManualNative/AndroidManifest.xml
		INJECTED from ActionMode/ManualNative/AndroidManifest.xml
	xmlns:android
		ADDED from ActionMode/ManualNative/AndroidManifest.xml:2:11-69
uses-sdk
ADDED from ActionMode/ManualNative/AndroidManifest.xml:7:2-9:34
	android:targetSdkVersion
		ADDED from ActionMode/ManualNative/AndroidManifest.xml:9:3-32
	android:minSdkVersion
		ADDED from ActionMode/ManualNative/AndroidManifest.xml:8:3-29
application
ADDED from ActionMode/ManualNative/AndroidManifest.xml:11:2-26:16
	android:label
		ADDED from ActionMode/ManualNative/AndroidManifest.xml:15:3-35
	android:hardwareAccelerated
		ADDED from ActionMode/ManualNative/AndroidManifest.xml:13:3-37
	android:allowBackup
		ADDED from ActionMode/ManualNative/AndroidManifest.xml:12:3-30
	android:icon
		ADDED from ActionMode/ManualNative/AndroidManifest.xml:14:3-39
	android:theme
		ADDED from ActionMode/ManualNative/AndroidManifest.xml:16:5-42
activity#com.commonsware.android.actionmode.ActionModeDemo
ADDED from ActionMode/ManualNative/AndroidManifest.xml:17:3-25:14
	android:label
		ADDED from ActionMode/ManualNative/AndroidManifest.xml:19:4-36
	android:name
		ADDED from ActionMode/ManualNative/AndroidManifest.xml:18:4-34
intent-filter#android.intent.action.MAIN+android.intent.category.LAUNCHER
ADDED from ActionMode/ManualNative/AndroidManifest.xml:20:4-24:20
action#android.intent.action.MAIN
ADDED from ActionMode/ManualNative/AndroidManifest.xml:21:5-56
	android:name
		ADDED from ActionMode/ManualNative/AndroidManifest.xml:21:13-54
category#android.intent.category.LAUNCHER
ADDED from ActionMode/ManualNative/AndroidManifest.xml:23:5-64
	android:name
		ADDED from ActionMode/ManualNative/AndroidManifest.xml:23:15-62